<?xml version="1.0" encoding="UTF-8"?>
<!-- Generated by org.testng.reporters.JUnitReportReporter -->
<testsuite skipped="0" hostname="ip-172-31-87-16" name="test.LoginTest" tests="3" failures="0" timestamp="09 Nov 2021 04:50:17 GMT" time="11.819" errors="0">
  <testcase name="NegativeLogin" time="3.780" classname="test.LoginTest"/>
  <testcase name="ExcelTest" time="4.097" classname="test.LoginTest"/>
  <testcase name="PositiveLogin" time="3.942" classname="test.LoginTest"/>
</testsuite> <!-- test.LoginTest -->
