<?xml version="1.0" encoding="UTF-8"?>
<!-- Generated by org.testng.reporters.JUnitReportReporter -->
<testsuite skipped="0" hostname="ip-172-31-87-16" name="test.LoginTest" tests="3" failures="0" timestamp="09 Nov 2021 07:04:18 GMT" time="12.530" errors="0">
  <testcase name="NegativeLogin" time="3.722" classname="test.LoginTest"/>
  <testcase name="PositiveLogin" time="4.847" classname="test.LoginTest"/>
  <testcase name="ExcelTest" time="3.961" classname="test.LoginTest"/>
</testsuite> <!-- test.LoginTest -->
